#
# There is insufficient memory for the Java Runtime Environment to continue.
# Native memory allocation (mmap) failed to map 67108864 bytes for G1 virtual space
# Possible reasons:
#   The system is out of physical RAM or swap space
#   The process is running with CompressedOops enabled, and the Java Heap may be blocking the growth of the native heap
# Possible solutions:
#   Reduce memory load on the system
#   Increase physical memory or swap space
#   Check if swap backing store is full
#   Decrease Java heap size (-Xmx/-Xms)
#   Decrease number of Java threads
#   Decrease Java thread stack sizes (-Xss)
#   Set larger code cache with -XX:ReservedCodeCacheSize=
#   JVM is running with Unscaled Compressed Oops mode in which the Java heap is
#     placed in the first 4GB address space. The Java Heap base address is the
#     maximum limit for the native heap growth. Please use -XX:HeapBaseMinAddress
#     to set the Java Heap base and to place the Java Heap above 4GB virtual address.
# This output file may be truncated or incomplete.
#
#  Out of Memory Error (./open/src/hotspot/os/windows/os_windows.cpp:3472), pid=16032, tid=14064
#
# JRE version:  (15.0.1+9) (build )
# Java VM: OpenJDK 64-Bit Server VM (15.0.1+9-18, mixed mode, sharing, tiered, compressed oops, g1 gc, windows-amd64)
# No core dump will be written. Minidumps are not enabled by default on client versions of Windows
#

---------------  S U M M A R Y ------------

Command Line: -Dfile.encoding=UTF-8 -XX:+ShowCodeDetailsInExceptionMessages main

Host: Intel(R) Core(TM) i5-2310 CPU @ 2.90GHz, 4 cores, 3G,  Windows 10 , 64 bit Build 19041 (10.0.19041.662)
Time: Mon Feb  1 21:39:30 2021 W. Central Africa Standard Time elapsed time: 0.018641 seconds (0d 0h 0m 0s)

---------------  T H R E A D  ---------------

Current thread (0x000001e60b90dd30):  JavaThread "Unknown thread" [_thread_in_vm, id=14064, stack(0x00000054f8500000,0x00000054f8600000)]

Stack: [0x00000054f8500000,0x00000054f8600000]
Native frames: (J=compiled Java code, j=interpreted, Vv=VM code, C=native code)
V  [jvm.dll+0x62ae9a]
V  [jvm.dll+0x781389]
V  [jvm.dll+0x782ae3]
V  [jvm.dll+0x783143]
V  [jvm.dll+0x216265]
V  [jvm.dll+0x6281d9]
V  [jvm.dll+0x61cd15]
V  [jvm.dll+0x2d01fd]
V  [jvm.dll+0x2d0062]
V  [jvm.dll+0x2d603c]
V  [jvm.dll+0x325b2a]
V  [jvm.dll+0x3251f4]
V  [jvm.dll+0x2a717a]
V  [jvm.dll+0x2a8318]
V  [jvm.dll+0x75e101]
V  [jvm.dll+0x3343e4]
V  [jvm.dll+0x73e826]
V  [jvm.dll+0x3b7777]
V  [jvm.dll+0x3b9201]
C  [jli.dll+0x52fb]
C  [ucrtbase.dll+0x214c2]
C  [KERNEL32.DLL+0x17034]
C  [ntdll.dll+0x4d0d1]


---------------  P R O C E S S  ---------------

Threads class SMR info:
_java_thread_list=0x00007ffc90b34ff0, length=0, elements={
}

Java Threads: ( => current thread )

Other Threads:
  0x000001e60b93e2e0 GCTaskThread "GC Thread#0" [stack: 0x00000054f8600000,0x00000054f8700000] [id=4684]
  0x000001e60b948ce0 ConcurrentGCThread "G1 Main Marker" [stack: 0x00000054f8700000,0x00000054f8800000] [id=15156]
  0x000001e60b949950 ConcurrentGCThread "G1 Conc#0" [stack: 0x00000054f8800000,0x00000054f8900000] [id=8272]

[error occurred during error reporting (printing all threads), id 0xc0000005, EXCEPTION_ACCESS_VIOLATION (0xc0000005) at pc=0x00007ffc90328047]

VM state: not at safepoint (not fully initialized)

VM Mutex/Monitor currently owned by a thread:  ([mutex/lock_event])
[0x000001e60b908170] Heap_lock - owner thread: 0x000001e60b90dd30

Heap address: 0x00000000c0400000, size: 1020 MB, Compressed Oops mode: 32-bit
CDS archive(s) mapped at: [0x0000000000000000-0x0000000000000000-0x0000000000000000), size 0, SharedBaseAddress: 0x0000000800000000, ArchiveRelocationMode: 0.
Narrow klass base: 0x0000000000000000, Narrow klass shift: 0, Narrow klass range: 0x0

Heap:
 garbage-first heap   total 65536K, used 0K [0x00000000c0400000, 0x0000000100000000)
  region size 1024K, 0 young (0K), 0 survivors (0K)
 Metaspace       used 0K, capacity 0K, committed 0K, reserved 0K
  class space    used 0K, capacity 0K, committed 0K, reserved 0K

Heap Regions: E=young(eden), S=young(survivor), O=old, HS=humongous(starts), HC=humongous(continues), CS=collection set, F=free, OA=open archive, CA=closed archive, TAMS=top-at-mark-start (previous, next)

Card table byte_map: [0x000001e61e530000,0x000001e61e730000] _byte_map_base: 0x000001e61df2e000

Marking Bits (Prev, Next): (CMBitMap*) 0x000001e60b93fb60, (CMBitMap*) 0x000001e60b93fba0
 Prev Bits: [0x000001e61e930000, 0x000001e61f920000)
 Next Bits: [0x000001e61f920000, 0x000001e620910000)

GC Heap History (0 events):
No events

Deoptimization events (0 events):
No events

Classes unloaded (0 events):
No events

Classes redefined (0 events):
No events

Internal exceptions (0 events):
No events

Events (1 events):
Event: 0.011 Loaded shared library C:\Users\amine\.p2\pool\plugins\org.eclipse.justj.openjdk.hotspot.jre.full.win32.x86_64_15.0.1.v20201027-0507\jre\bin\java.dll


Dynamic libraries:
0x00007ff784450000 - 0x00007ff78445d000 	C:\Users\amine\.p2\pool\plugins\org.eclipse.justj.openjdk.hotspot.jre.full.win32.x86_64_15.0.1.v20201027-0507\jre\bin\javaw.exe
0x00007ffcd94d0000 - 0x00007ffcd96c6000 	C:\WINDOWS\SYSTEM32\ntdll.dll
0x00007ffcd7c10000 - 0x00007ffcd7ccd000 	C:\WINDOWS\System32\KERNEL32.DLL
0x00007ffcd6dc0000 - 0x00007ffcd7089000 	C:\WINDOWS\System32\KERNELBASE.dll
0x00007ffcd7430000 - 0x00007ffcd7530000 	C:\WINDOWS\System32\ucrtbase.dll
0x00007ffccb5d0000 - 0x00007ffccb5e9000 	C:\Users\amine\.p2\pool\plugins\org.eclipse.justj.openjdk.hotspot.jre.full.win32.x86_64_15.0.1.v20201027-0507\jre\bin\VCRUNTIME140.dll
0x00007ffcca460000 - 0x00007ffcca478000 	C:\Users\amine\.p2\pool\plugins\org.eclipse.justj.openjdk.hotspot.jre.full.win32.x86_64_15.0.1.v20201027-0507\jre\bin\jli.dll
0x00007ffcd9250000 - 0x00007ffcd93f0000 	C:\WINDOWS\System32\USER32.dll
0x00007ffcd6d40000 - 0x00007ffcd6d62000 	C:\WINDOWS\System32\win32u.dll
0x00007ffcd8f30000 - 0x00007ffcd8f5a000 	C:\WINDOWS\System32\GDI32.dll
0x00007ffcd72a0000 - 0x00007ffcd73ab000 	C:\WINDOWS\System32\gdi32full.dll
0x00007ffcd6ca0000 - 0x00007ffcd6d3d000 	C:\WINDOWS\System32\msvcp_win.dll
0x00007ffccaae0000 - 0x00007ffccad7b000 	C:\WINDOWS\WinSxS\amd64_microsoft.windows.common-controls_6595b64144ccf1df_6.0.19041.746_none_ca02b4b61b8320a4\COMCTL32.dll
0x00007ffcd8550000 - 0x00007ffcd85ee000 	C:\WINDOWS\System32\msvcrt.dll
0x00007ffcd79a0000 - 0x00007ffcd79d0000 	C:\WINDOWS\System32\IMM32.DLL
0x00007ffcccc50000 - 0x00007ffcccc5c000 	C:\Users\amine\.p2\pool\plugins\org.eclipse.justj.openjdk.hotspot.jre.full.win32.x86_64_15.0.1.v20201027-0507\jre\bin\vcruntime140_1.dll
0x00007ffcc6b50000 - 0x00007ffcc6be1000 	C:\Users\amine\.p2\pool\plugins\org.eclipse.justj.openjdk.hotspot.jre.full.win32.x86_64_15.0.1.v20201027-0507\jre\bin\msvcp140.dll
0x00007ffc90070000 - 0x00007ffc90bce000 	C:\Users\amine\.p2\pool\plugins\org.eclipse.justj.openjdk.hotspot.jre.full.win32.x86_64_15.0.1.v20201027-0507\jre\bin\server\jvm.dll
0x00007ffcd8f60000 - 0x00007ffcd900c000 	C:\WINDOWS\System32\ADVAPI32.dll
0x00007ffcd93f0000 - 0x00007ffcd948c000 	C:\WINDOWS\System32\sechost.dll
0x00007ffcd7f30000 - 0x00007ffcd805b000 	C:\WINDOWS\System32\RPCRT4.dll
0x00007ffcd90e0000 - 0x00007ffcd90e8000 	C:\WINDOWS\System32\PSAPI.DLL
0x00007ffccce00000 - 0x00007ffccce09000 	C:\WINDOWS\SYSTEM32\WSOCK32.dll
0x00007ffccda90000 - 0x00007ffccdab7000 	C:\WINDOWS\SYSTEM32\WINMM.dll
0x00007ffcd90f0000 - 0x00007ffcd915b000 	C:\WINDOWS\System32\WS2_32.dll
0x00007ffcd00e0000 - 0x00007ffcd00ea000 	C:\WINDOWS\SYSTEM32\VERSION.dll
0x00007ffcd4b30000 - 0x00007ffcd4b42000 	C:\WINDOWS\SYSTEM32\kernel.appcore.dll
0x00007ffcccdf0000 - 0x00007ffcccdfa000 	C:\Users\amine\.p2\pool\plugins\org.eclipse.justj.openjdk.hotspot.jre.full.win32.x86_64_15.0.1.v20201027-0507\jre\bin\jimage.dll
0x00007ffcbec10000 - 0x00007ffcbedf4000 	C:\WINDOWS\SYSTEM32\DBGHELP.DLL
0x00007ffcbf1c0000 - 0x00007ffcbf1ec000 	C:\WINDOWS\SYSTEM32\dbgcore.DLL
0x00007ffcd73b0000 - 0x00007ffcd7430000 	C:\WINDOWS\System32\bcryptPrimitives.dll
0x00007ffcca510000 - 0x00007ffcca535000 	C:\Users\amine\.p2\pool\plugins\org.eclipse.justj.openjdk.hotspot.jre.full.win32.x86_64_15.0.1.v20201027-0507\jre\bin\java.dll

dbghelp: loaded successfully - version: 4.0.5 - missing functions: none
symbol engine: initialized successfully - sym options: 0x614 - pdb path: .;C:\Users\amine\.p2\pool\plugins\org.eclipse.justj.openjdk.hotspot.jre.full.win32.x86_64_15.0.1.v20201027-0507\jre\bin;C:\WINDOWS\SYSTEM32;C:\WINDOWS\WinSxS\amd64_microsoft.windows.common-controls_6595b64144ccf1df_6.0.19041.746_none_ca02b4b61b8320a4;C:\Users\amine\.p2\pool\plugins\org.eclipse.justj.openjdk.hotspot.jre.full.win32.x86_64_15.0.1.v20201027-0507\jre\bin\server

VM Arguments:
jvm_args: -Dfile.encoding=UTF-8 -XX:+ShowCodeDetailsInExceptionMessages 
java_command: main
java_class_path (initial): C:\Users\amine\Desktop\java-gui-project-Tp-SI-2021\bin
Launcher Type: SUN_STANDARD

[Global flags]
     intx CICompilerCount                          = 3                                         {product} {ergonomic}
     uint ConcGCThreads                            = 1                                         {product} {ergonomic}
     uint G1ConcRefinementThreads                  = 4                                         {product} {ergonomic}
   size_t G1HeapRegionSize                         = 1048576                                   {product} {ergonomic}
    uintx GCDrainStackTargetSize                   = 64                                        {product} {ergonomic}
   size_t InitialHeapSize                          = 67108864                                  {product} {ergonomic}
   size_t MarkStackSize                            = 4194304                                   {product} {ergonomic}
   size_t MaxHeapSize                              = 1069547520                                {product} {ergonomic}
   size_t MinHeapDeltaBytes                        = 1048576                                   {product} {ergonomic}
   size_t MinHeapSize                              = 8388608                                   {product} {ergonomic}
    uintx NonNMethodCodeHeapSize                   = 5832780                                {pd product} {ergonomic}
    uintx NonProfiledCodeHeapSize                  = 122912730                              {pd product} {ergonomic}
    uintx ProfiledCodeHeapSize                     = 122912730                              {pd product} {ergonomic}
    uintx ReservedCodeCacheSize                    = 251658240                              {pd product} {ergonomic}
     bool SegmentedCodeCache                       = true                                      {product} {ergonomic}
     bool ShowCodeDetailsInExceptionMessages       = true                                   {manageable} {command line}
   size_t SoftMaxHeapSize                          = 1069547520                             {manageable} {ergonomic}
     bool UseCompressedClassPointers               = true                                 {lp64_product} {ergonomic}
     bool UseCompressedOops                        = true                                 {lp64_product} {ergonomic}
     bool UseG1GC                                  = true                                      {product} {ergonomic}
     bool UseLargePagesIndividualAllocation        = false                                  {pd product} {ergonomic}

Logging:
Log output configuration:
 #0: stdout all=warning uptime,level,tags
 #1: stderr all=off uptime,level,tags

Environment Variables:
PATH=C:/Users/amine/.p2/pool/plugins/org.eclipse.justj.openjdk.hotspot.jre.full.win32.x86_64_15.0.1.v20201027-0507/jre/bin/server;C:/Users/amine/.p2/pool/plugins/org.eclipse.justj.openjdk.hotspot.jre.full.win32.x86_64_15.0.1.v20201027-0507/jre/bin;C:\Program Files\Common Files\Oracle\Java\javapath;C:\WINDOWS\system32;C:\WINDOWS;C:\WINDOWS\System32\Wbem;C:\WINDOWS\System32\WindowsPowerShell\v1.0\;C:\WINDOWS\System32\OpenSSH\;C:\Program Files\nodejs\;C:\Program Files\Git\cmd;C:\xampp\php;C:\ProgramData\ComposerSetup\bin;C:\Program Files\dotnet\;C:\Go\bin;C:\Users\amine\AppData\Local\Microsoft\WindowsApps;C:\Users\amine\AppData\Roaming\npm;C:\Users\amine\AppData\Local\Programs\Microsoft VS Code\bin;C:\src\flutter\bin;C:\Users\amine\AppData\Roaming\Composer\vendor\bin;C:\Users\amine\.dotnet\tools;C:\Users\amine\.deno\bin;C:\Users\amine\go\bin;C:\Program Files\JetBrains\IntelliJ IDEA 2020.3.2\bin;;C:\WINDOWS\system32;
USERNAME=amine
OS=Windows_NT
PROCESSOR_IDENTIFIER=Intel64 Family 6 Model 42 Stepping 7, GenuineIntel



---------------  S Y S T E M  ---------------

OS:
 Windows 10 , 64 bit Build 19041 (10.0.19041.662)
OS uptime: 0 days 11:21 hours
HyperV virtualization detected

CPU: total 4 (initial active 4) (4 cores per cpu, 1 threads per core) family 6 model 42 stepping 7 microcode 0x2f, cmov, cx8, fxsr, mmx, sse, sse2, sse3, ssse3, sse4.1, sse4.2, popcnt, vzeroupper, avx, aes, clmul, tsc, tscinvbit, clflush

Memory: 4k page, system-wide physical 4076M (211M free)
TotalPageFile size 16354M (AvailPageFile size 25M)
current process WorkingSet (physical memory assigned to process): 10M, peak: 10M
current process commit charge ("private bytes"): 51M, peak: 115M

vm_info: OpenJDK 64-Bit Server VM (15.0.1+9-18) for windows-amd64 JRE (15.0.1+9-18), built on Sep 15 2020 14:39:31 by "mach5one" with unknown MS VC++:1925

END.
